2025-05-17 14:03:40,866 - __main__ - INFO - app:25 - Flask application 'app' created.
2025-05-17 14:03:40,867 - utils.config_loader - INFO - config_loader:20 - Config file 'd:\Investment Codes\Codes\Developement\SimFin_Modular\config/config.ini' loaded successfully.
2025-05-17 14:03:40,867 - __main__ - INFO - app:30 - ConfigLoader initialized successfully using file: d:\Investment Codes\Codes\Developement\SimFin_Modular\config/config.ini
2025-05-17 14:03:40,867 - __main__ - INFO - app:49 - Successfully loaded FLASK_SECRET_KEY from local secret.py.
2025-05-17 14:03:40,867 - __main__ - INFO - app:68 - Effective FLASK_SECRET_KEY source: secret.py file
2025-05-17 14:03:40,867 - __main__ - INFO - app:72 - Attempting initial SimFin configuration on app startup...
2025-05-17 14:03:40,867 - modules.data_loader - INFO - data_loader:82 - ensure_simfin_configured: Ensuring SimFin is configured for the current operation.
2025-05-17 14:03:40,867 - modules.data_loader - INFO - data_loader:53 - configure_simfin: Configuring SimFin settings...
2025-05-17 14:03:40,867 - modules.data_loader - INFO - data_loader:31 - Loading SimFin API key. Attempting to use file: d:\Investment Codes\Codes\Developement\SimFin_Modular\config/simfin_api_key.txt
2025-05-17 14:03:40,868 - modules.data_loader - INFO - data_loader:41 - Loaded custom API key from: d:\Investment Codes\Codes\Developement\SimFin_Modular\config/simfin_api_key.txt
2025-05-17 14:03:40,868 - modules.data_loader - INFO - data_loader:59 - SimFin API key set (type: Custom)
2025-05-17 14:03:40,868 - modules.data_loader - INFO - data_loader:65 - SimFin data directory path to be set: d:\Investment Codes\Codes\Developement\SimFin_Modular\data/simfin_data
2025-05-17 14:03:40,868 - modules.data_loader - INFO - data_loader:72 - SimFin data directory set successfully to: d:\Investment Codes\Codes\Developement\SimFin_Modular\data/simfin_data
2025-05-17 14:03:40,868 - __main__ - INFO - app:75 - Initial SimFin config successful. API key: Custom, Data directory: d:\Investment Codes\Codes\Developement\SimFin_Modular\data/simfin_data
2025-05-17 14:03:40,868 - __main__ - INFO - app:92 - Context processor for API key status registered.
2025-05-17 14:03:40,870 - __main__ - INFO - app:98 - Blueprints registered successfully.
2025-05-17 14:03:40,870 - __main__ - INFO - app:108 - SimFin Analyzer application starting...
2025-05-17 14:03:40,922 - werkzeug - INFO - _internal:97 - [31m[1mWARNING: This is a development server. Do not use it in a production deployment. Use a production WSGI server instead.[0m
 * Running on all addresses (0.0.0.0)
 * Running on http://127.0.0.1:5000
 * Running on http://192.168.1.188:5000
2025-05-17 14:03:40,923 - werkzeug - INFO - _internal:97 - [33mPress CTRL+C to quit[0m
2025-05-17 14:03:40,926 - werkzeug - INFO - _internal:97 -  * Restarting with stat
2025-05-17 14:03:42,866 - __main__ - INFO - app:25 - Flask application 'app' created.
2025-05-17 14:03:42,866 - utils.config_loader - INFO - config_loader:20 - Config file 'd:\Investment Codes\Codes\Developement\SimFin_Modular\config/config.ini' loaded successfully.
2025-05-17 14:03:42,866 - __main__ - INFO - app:30 - ConfigLoader initialized successfully using file: d:\Investment Codes\Codes\Developement\SimFin_Modular\config/config.ini
2025-05-17 14:03:42,867 - __main__ - INFO - app:49 - Successfully loaded FLASK_SECRET_KEY from local secret.py.
2025-05-17 14:03:42,867 - __main__ - INFO - app:68 - Effective FLASK_SECRET_KEY source: secret.py file
2025-05-17 14:03:42,867 - __main__ - INFO - app:72 - Attempting initial SimFin configuration on app startup...
2025-05-17 14:03:42,867 - modules.data_loader - INFO - data_loader:82 - ensure_simfin_configured: Ensuring SimFin is configured for the current operation.
2025-05-17 14:03:42,867 - modules.data_loader - INFO - data_loader:53 - configure_simfin: Configuring SimFin settings...
2025-05-17 14:03:42,867 - modules.data_loader - INFO - data_loader:31 - Loading SimFin API key. Attempting to use file: d:\Investment Codes\Codes\Developement\SimFin_Modular\config/simfin_api_key.txt
2025-05-17 14:03:42,867 - modules.data_loader - INFO - data_loader:41 - Loaded custom API key from: d:\Investment Codes\Codes\Developement\SimFin_Modular\config/simfin_api_key.txt
2025-05-17 14:03:42,867 - modules.data_loader - INFO - data_loader:59 - SimFin API key set (type: Custom)
2025-05-17 14:03:42,867 - modules.data_loader - INFO - data_loader:65 - SimFin data directory path to be set: d:\Investment Codes\Codes\Developement\SimFin_Modular\data/simfin_data
2025-05-17 14:03:42,867 - modules.data_loader - INFO - data_loader:72 - SimFin data directory set successfully to: d:\Investment Codes\Codes\Developement\SimFin_Modular\data/simfin_data
2025-05-17 14:03:42,868 - __main__ - INFO - app:75 - Initial SimFin config successful. API key: Custom, Data directory: d:\Investment Codes\Codes\Developement\SimFin_Modular\data/simfin_data
2025-05-17 14:03:42,868 - __main__ - INFO - app:92 - Context processor for API key status registered.
2025-05-17 14:03:42,870 - __main__ - INFO - app:98 - Blueprints registered successfully.
2025-05-17 14:03:42,870 - __main__ - INFO - app:108 - SimFin Analyzer application starting...
2025-05-17 14:03:42,895 - werkzeug - WARNING - _internal:97 -  * Debugger is active!
2025-05-17 14:03:42,901 - werkzeug - INFO - _internal:97 -  * Debugger PIN: 536-889-133
2025-05-17 14:03:47,301 - modules.routes.home - INFO - home:29 - Home route accessed. Current ticker in session: 'GOGL'
2025-05-17 14:03:48,841 - modules.data_loader - INFO - data_loader:88 - get_api_key_status_for_display: Checking API key file: d:\Investment Codes\Codes\Developement\SimFin_Modular\config/simfin_api_key.txt
2025-05-17 14:03:48,851 - werkzeug - INFO - _internal:97 - 127.0.0.1 - - [17/May/2025 14:03:48] "GET / HTTP/1.1" 200 -
2025-05-17 14:03:52,180 - modules.routes.home - INFO - home:61 - set_ticker called for ticker input: 'GOGL'
2025-05-17 14:03:52,180 - modules.routes.home - INFO - home:68 - Ticker 'GOGL' set in session.
2025-05-17 14:03:52,182 - utils.config_loader - INFO - config_loader:20 - Config file 'd:\Investment Codes\Codes\Developement\SimFin_Modular\config/config.ini' loaded successfully.
2025-05-17 14:03:52,182 - modules.data_loader - INFO - data_loader:82 - ensure_simfin_configured: Ensuring SimFin is configured for the current operation.
2025-05-17 14:03:52,182 - modules.data_loader - INFO - data_loader:53 - configure_simfin: Configuring SimFin settings...
2025-05-17 14:03:52,182 - modules.data_loader - INFO - data_loader:31 - Loading SimFin API key. Attempting to use file: d:\Investment Codes\Codes\Developement\SimFin_Modular\config/simfin_api_key.txt
2025-05-17 14:03:52,183 - modules.data_loader - INFO - data_loader:41 - Loaded custom API key from: d:\Investment Codes\Codes\Developement\SimFin_Modular\config/simfin_api_key.txt
2025-05-17 14:03:52,183 - modules.data_loader - INFO - data_loader:59 - SimFin API key set (type: Custom)
2025-05-17 14:03:52,183 - modules.data_loader - INFO - data_loader:65 - SimFin data directory path to be set: d:\Investment Codes\Codes\Developement\SimFin_Modular\data/simfin_data
2025-05-17 14:03:52,184 - modules.data_loader - INFO - data_loader:72 - SimFin data directory set successfully to: d:\Investment Codes\Codes\Developement\SimFin_Modular\data/simfin_data
2025-05-17 14:04:01,274 - modules.routes.home - INFO - home:86 - Cleared previous statement data and download status from session for ticker GOGL.
2025-05-17 14:04:01,274 - modules.routes.home - ERROR - home:107 - Data processing failed for GOGL. Main error: Download Error for income_annual: No Income Statement (annual) data for GOGL (DataFrame empty after filter).
2025-05-17 14:04:01,303 - werkzeug - INFO - _internal:97 - 127.0.0.1 - - [17/May/2025 14:04:01] "[32mPOST /set_ticker HTTP/1.1[0m" 302 -
2025-05-17 14:04:01,315 - modules.routes.home - INFO - home:29 - Home route accessed. Current ticker in session: 'GOGL'
2025-05-17 14:04:03,520 - modules.data_loader - INFO - data_loader:88 - get_api_key_status_for_display: Checking API key file: d:\Investment Codes\Codes\Developement\SimFin_Modular\config/simfin_api_key.txt
2025-05-17 14:04:03,529 - werkzeug - INFO - _internal:97 - 127.0.0.1 - - [17/May/2025 14:04:03] "GET / HTTP/1.1" 200 -
2025-05-17 14:04:16,948 - modules.routes.home - INFO - home:61 - set_ticker called for ticker input: 'META'
2025-05-17 14:04:16,949 - modules.routes.home - INFO - home:68 - Ticker 'META' set in session.
2025-05-17 14:04:16,952 - utils.config_loader - INFO - config_loader:20 - Config file 'd:\Investment Codes\Codes\Developement\SimFin_Modular\config/config.ini' loaded successfully.
2025-05-17 14:04:16,952 - modules.data_loader - INFO - data_loader:82 - ensure_simfin_configured: Ensuring SimFin is configured for the current operation.
2025-05-17 14:04:16,952 - modules.data_loader - INFO - data_loader:53 - configure_simfin: Configuring SimFin settings...
2025-05-17 14:04:16,952 - modules.data_loader - INFO - data_loader:31 - Loading SimFin API key. Attempting to use file: d:\Investment Codes\Codes\Developement\SimFin_Modular\config/simfin_api_key.txt
2025-05-17 14:04:16,953 - modules.data_loader - INFO - data_loader:41 - Loaded custom API key from: d:\Investment Codes\Codes\Developement\SimFin_Modular\config/simfin_api_key.txt
2025-05-17 14:04:16,953 - modules.data_loader - INFO - data_loader:59 - SimFin API key set (type: Custom)
2025-05-17 14:04:16,954 - modules.data_loader - INFO - data_loader:65 - SimFin data directory path to be set: d:\Investment Codes\Codes\Developement\SimFin_Modular\data/simfin_data
2025-05-17 14:04:16,955 - modules.data_loader - INFO - data_loader:72 - SimFin data directory set successfully to: d:\Investment Codes\Codes\Developement\SimFin_Modular\data/simfin_data
2025-05-17 14:04:25,828 - modules.routes.home - INFO - home:86 - Cleared previous statement data and download status from session for ticker META.
2025-05-17 14:04:25,872 - werkzeug - INFO - _internal:97 - 127.0.0.1 - - [17/May/2025 14:04:25] "[32mPOST /set_ticker HTTP/1.1[0m" 302 -
2025-05-17 14:04:25,880 - modules.routes.home - INFO - home:29 - Home route accessed. Current ticker in session: 'META'
2025-05-17 14:04:27,796 - modules.data_loader - INFO - data_loader:88 - get_api_key_status_for_display: Checking API key file: d:\Investment Codes\Codes\Developement\SimFin_Modular\config/simfin_api_key.txt
2025-05-17 14:04:27,804 - werkzeug - INFO - _internal:97 - 127.0.0.1 - - [17/May/2025 14:04:27] "GET / HTTP/1.1" 200 -
2025-05-17 14:04:36,553 - modules.routes.graphs - INFO - graphs:77 - Route /graphs/annual for ticker: 'META'. Session keys: ['current_ticker', 'data_download_status', 'income_annual_df_json', 'income_quarterly_df_json']
2025-05-17 14:04:36,554 - modules.routes.graphs - INFO - graphs:17 - _prepare_financial_charts for ticker: 'META', variant: 'annual'
2025-05-17 14:04:36,555 - utils.config_loader - INFO - config_loader:20 - Config file 'd:\Investment Codes\Codes\Developement\SimFin_Modular\config/config.ini' loaded successfully.
2025-05-17 14:04:36,555 - modules.data_loader - INFO - data_loader:82 - ensure_simfin_configured: Ensuring SimFin is configured for the current operation.
2025-05-17 14:04:36,555 - modules.data_loader - INFO - data_loader:53 - configure_simfin: Configuring SimFin settings...
2025-05-17 14:04:36,556 - modules.data_loader - INFO - data_loader:31 - Loading SimFin API key. Attempting to use file: d:\Investment Codes\Codes\Developement\SimFin_Modular\config/simfin_api_key.txt
2025-05-17 14:04:36,556 - modules.data_loader - INFO - data_loader:41 - Loaded custom API key from: d:\Investment Codes\Codes\Developement\SimFin_Modular\config/simfin_api_key.txt
2025-05-17 14:04:36,557 - modules.data_loader - INFO - data_loader:59 - SimFin API key set (type: Custom)
2025-05-17 14:04:36,557 - modules.data_loader - INFO - data_loader:65 - SimFin data directory path to be set: d:\Investment Codes\Codes\Developement\SimFin_Modular\data/simfin_data
2025-05-17 14:04:36,558 - modules.data_loader - INFO - data_loader:72 - SimFin data directory set successfully to: d:\Investment Codes\Codes\Developement\SimFin_Modular\data/simfin_data
2025-05-17 14:04:38,414 - modules.routes.graphs - INFO - graphs:70 - Info messages for META (annual): Data for income (annual) loaded from session.
2025-05-17 14:04:38,415 - modules.data_loader - INFO - data_loader:88 - get_api_key_status_for_display: Checking API key file: d:\Investment Codes\Codes\Developement\SimFin_Modular\config/simfin_api_key.txt
2025-05-17 14:04:38,430 - werkzeug - INFO - _internal:97 - 127.0.0.1 - - [17/May/2025 14:04:38] "GET /graphs/annual HTTP/1.1" 200 -
2025-05-17 14:04:40,537 - modules.routes.graphs - INFO - graphs:94 - Route /graphs/quarterly for ticker: 'META'. Session keys: ['current_ticker', 'data_download_status', 'income_annual_df_json', 'income_quarterly_df_json']
2025-05-17 14:04:40,538 - modules.routes.graphs - INFO - graphs:17 - _prepare_financial_charts for ticker: 'META', variant: 'quarterly'
2025-05-17 14:04:40,539 - utils.config_loader - INFO - config_loader:20 - Config file 'd:\Investment Codes\Codes\Developement\SimFin_Modular\config/config.ini' loaded successfully.
2025-05-17 14:04:40,540 - modules.data_loader - INFO - data_loader:82 - ensure_simfin_configured: Ensuring SimFin is configured for the current operation.
2025-05-17 14:04:40,540 - modules.data_loader - INFO - data_loader:53 - configure_simfin: Configuring SimFin settings...
2025-05-17 14:04:40,540 - modules.data_loader - INFO - data_loader:31 - Loading SimFin API key. Attempting to use file: d:\Investment Codes\Codes\Developement\SimFin_Modular\config/simfin_api_key.txt
2025-05-17 14:04:40,541 - modules.data_loader - INFO - data_loader:41 - Loaded custom API key from: d:\Investment Codes\Codes\Developement\SimFin_Modular\config/simfin_api_key.txt
2025-05-17 14:04:40,541 - modules.data_loader - INFO - data_loader:59 - SimFin API key set (type: Custom)
2025-05-17 14:04:40,541 - modules.data_loader - INFO - data_loader:65 - SimFin data directory path to be set: d:\Investment Codes\Codes\Developement\SimFin_Modular\data/simfin_data
2025-05-17 14:04:40,542 - modules.data_loader - INFO - data_loader:72 - SimFin data directory set successfully to: d:\Investment Codes\Codes\Developement\SimFin_Modular\data/simfin_data
2025-05-17 14:04:40,774 - modules.routes.graphs - INFO - graphs:70 - Info messages for META (quarterly): Data for income (quarterly) loaded from session.
2025-05-17 14:04:40,776 - modules.data_loader - INFO - data_loader:88 - get_api_key_status_for_display: Checking API key file: d:\Investment Codes\Codes\Developement\SimFin_Modular\config/simfin_api_key.txt
2025-05-17 14:04:40,778 - werkzeug - INFO - _internal:97 - 127.0.0.1 - - [17/May/2025 14:04:40] "GET /graphs/quarterly HTTP/1.1" 200 -
2025-05-17 14:16:50,980 - __main__ - INFO - app:45 - Flask application 'app' created.
2025-05-17 14:16:50,983 - utils.config_loader - INFO - config_loader:20 - Config file 'd:\Investment Codes\Codes\Developement\SimFin_Modular\config/config.ini' loaded successfully.
2025-05-17 14:16:50,983 - __main__ - INFO - app:50 - ConfigLoader initialized successfully using file: d:\Investment Codes\Codes\Developement\SimFin_Modular\config/config.ini
2025-05-17 14:16:50,984 - __main__ - INFO - app:69 - Successfully loaded FLASK_SECRET_KEY from local secret.py.
2025-05-17 14:16:50,985 - __main__ - INFO - app:88 - Effective FLASK_SECRET_KEY source: secret.py file
2025-05-17 14:16:50,985 - __main__ - INFO - app:92 - Attempting initial SimFin configuration on app startup...
2025-05-17 14:16:50,986 - modules.data_loader - INFO - data_loader:82 - ensure_simfin_configured: Ensuring SimFin is configured for the current operation.
2025-05-17 14:16:50,987 - modules.data_loader - INFO - data_loader:53 - configure_simfin: Configuring SimFin settings...
2025-05-17 14:16:50,988 - modules.data_loader - INFO - data_loader:31 - Loading SimFin API key. Attempting to use file: d:\Investment Codes\Codes\Developement\SimFin_Modular\config/simfin_api_key.txt
2025-05-17 14:16:50,989 - modules.data_loader - INFO - data_loader:41 - Loaded custom API key from: d:\Investment Codes\Codes\Developement\SimFin_Modular\config/simfin_api_key.txt
2025-05-17 14:16:50,990 - modules.data_loader - INFO - data_loader:59 - SimFin API key set (type: Custom)
2025-05-17 14:16:50,990 - modules.data_loader - INFO - data_loader:65 - SimFin data directory path to be set: d:\Investment Codes\Codes\Developement\SimFin_Modular\data/simfin_data
2025-05-17 14:16:50,991 - modules.data_loader - INFO - data_loader:72 - SimFin data directory set successfully to: d:\Investment Codes\Codes\Developement\SimFin_Modular\data/simfin_data
2025-05-17 14:16:50,992 - __main__ - INFO - app:95 - Initial SimFin config successful. API key: Custom, Data directory: d:\Investment Codes\Codes\Developement\SimFin_Modular\data/simfin_data
2025-05-17 14:16:50,994 - __main__ - INFO - app:112 - Context processor for API key status registered.
2025-05-17 14:16:50,998 - __main__ - INFO - app:118 - Blueprints registered successfully.
2025-05-17 14:16:50,998 - __main__ - INFO - app:128 - SimFin Analyzer application starting...
2025-05-17 14:16:51,063 - werkzeug - INFO - _internal:97 - [31m[1mWARNING: This is a development server. Do not use it in a production deployment. Use a production WSGI server instead.[0m
 * Running on all addresses (0.0.0.0)
 * Running on http://127.0.0.1:5000
 * Running on http://192.168.1.188:5000
2025-05-17 14:16:51,064 - werkzeug - INFO - _internal:97 - [33mPress CTRL+C to quit[0m
2025-05-17 14:16:51,067 - werkzeug - INFO - _internal:97 -  * Restarting with stat
2025-05-17 14:16:52,973 - __main__ - INFO - app:45 - Flask application 'app' created.
2025-05-17 14:16:52,973 - utils.config_loader - INFO - config_loader:20 - Config file 'd:\Investment Codes\Codes\Developement\SimFin_Modular\config/config.ini' loaded successfully.
2025-05-17 14:16:52,975 - __main__ - INFO - app:50 - ConfigLoader initialized successfully using file: d:\Investment Codes\Codes\Developement\SimFin_Modular\config/config.ini
2025-05-17 14:16:52,976 - __main__ - INFO - app:69 - Successfully loaded FLASK_SECRET_KEY from local secret.py.
2025-05-17 14:16:52,976 - __main__ - INFO - app:88 - Effective FLASK_SECRET_KEY source: secret.py file
2025-05-17 14:16:52,976 - __main__ - INFO - app:92 - Attempting initial SimFin configuration on app startup...
2025-05-17 14:16:52,977 - modules.data_loader - INFO - data_loader:82 - ensure_simfin_configured: Ensuring SimFin is configured for the current operation.
2025-05-17 14:16:52,977 - modules.data_loader - INFO - data_loader:53 - configure_simfin: Configuring SimFin settings...
2025-05-17 14:16:52,978 - modules.data_loader - INFO - data_loader:31 - Loading SimFin API key. Attempting to use file: d:\Investment Codes\Codes\Developement\SimFin_Modular\config/simfin_api_key.txt
2025-05-17 14:16:52,978 - modules.data_loader - INFO - data_loader:41 - Loaded custom API key from: d:\Investment Codes\Codes\Developement\SimFin_Modular\config/simfin_api_key.txt
2025-05-17 14:16:52,978 - modules.data_loader - INFO - data_loader:59 - SimFin API key set (type: Custom)
2025-05-17 14:16:52,979 - modules.data_loader - INFO - data_loader:65 - SimFin data directory path to be set: d:\Investment Codes\Codes\Developement\SimFin_Modular\data/simfin_data
2025-05-17 14:16:52,980 - modules.data_loader - INFO - data_loader:72 - SimFin data directory set successfully to: d:\Investment Codes\Codes\Developement\SimFin_Modular\data/simfin_data
2025-05-17 14:16:52,981 - __main__ - INFO - app:95 - Initial SimFin config successful. API key: Custom, Data directory: d:\Investment Codes\Codes\Developement\SimFin_Modular\data/simfin_data
2025-05-17 14:16:52,981 - __main__ - INFO - app:112 - Context processor for API key status registered.
2025-05-17 14:16:52,984 - __main__ - INFO - app:118 - Blueprints registered successfully.
2025-05-17 14:16:52,985 - __main__ - INFO - app:128 - SimFin Analyzer application starting...
2025-05-17 14:16:53,012 - werkzeug - WARNING - _internal:97 -  * Debugger is active!
2025-05-17 14:16:53,027 - werkzeug - INFO - _internal:97 -  * Debugger PIN: 536-889-133
2025-05-17 14:16:59,974 - modules.routes.home - INFO - home:29 - Home route accessed. Current ticker in session: 'META'
2025-05-17 14:17:02,550 - modules.data_loader - INFO - data_loader:88 - get_api_key_status_for_display: Checking API key file: d:\Investment Codes\Codes\Developement\SimFin_Modular\config/simfin_api_key.txt
2025-05-17 14:17:02,578 - werkzeug - INFO - _internal:97 - 127.0.0.1 - - [17/May/2025 14:17:02] "GET / HTTP/1.1" 200 -
2025-05-17 14:17:08,692 - modules.routes.home - INFO - home:61 - set_ticker called for ticker input: 'COST'
2025-05-17 14:17:08,693 - modules.routes.home - INFO - home:68 - Ticker 'COST' set in session.
2025-05-17 14:17:08,696 - utils.config_loader - INFO - config_loader:20 - Config file 'd:\Investment Codes\Codes\Developement\SimFin_Modular\config/config.ini' loaded successfully.
2025-05-17 14:17:08,697 - modules.data_loader - INFO - data_loader:82 - ensure_simfin_configured: Ensuring SimFin is configured for the current operation.
2025-05-17 14:17:08,698 - modules.data_loader - INFO - data_loader:53 - configure_simfin: Configuring SimFin settings...
2025-05-17 14:17:08,699 - modules.data_loader - INFO - data_loader:31 - Loading SimFin API key. Attempting to use file: d:\Investment Codes\Codes\Developement\SimFin_Modular\config/simfin_api_key.txt
2025-05-17 14:17:08,700 - modules.data_loader - INFO - data_loader:41 - Loaded custom API key from: d:\Investment Codes\Codes\Developement\SimFin_Modular\config/simfin_api_key.txt
2025-05-17 14:17:08,703 - modules.data_loader - INFO - data_loader:59 - SimFin API key set (type: Custom)
2025-05-17 14:17:08,703 - modules.data_loader - INFO - data_loader:65 - SimFin data directory path to be set: d:\Investment Codes\Codes\Developement\SimFin_Modular\data/simfin_data
2025-05-17 14:17:08,707 - modules.data_loader - INFO - data_loader:72 - SimFin data directory set successfully to: d:\Investment Codes\Codes\Developement\SimFin_Modular\data/simfin_data
2025-05-17 14:17:17,846 - modules.routes.home - INFO - home:86 - Cleared previous statement data and download status from session for ticker COST.
2025-05-17 14:17:17,899 - werkzeug - INFO - _internal:97 - 127.0.0.1 - - [17/May/2025 14:17:17] "[32mPOST /set_ticker HTTP/1.1[0m" 302 -
2025-05-17 14:17:17,910 - modules.routes.home - INFO - home:29 - Home route accessed. Current ticker in session: 'COST'
2025-05-17 14:17:19,912 - modules.data_loader - INFO - data_loader:88 - get_api_key_status_for_display: Checking API key file: d:\Investment Codes\Codes\Developement\SimFin_Modular\config/simfin_api_key.txt
2025-05-17 14:17:19,924 - werkzeug - INFO - _internal:97 - 127.0.0.1 - - [17/May/2025 14:17:19] "GET / HTTP/1.1" 200 -
2025-05-17 14:17:32,136 - modules.routes.graphs - INFO - graphs:77 - Route /graphs/annual for ticker: 'COST'. Session keys: ['current_ticker', 'data_download_status', 'income_annual_df_json', 'income_quarterly_df_json']
2025-05-17 14:17:32,136 - modules.routes.graphs - INFO - graphs:17 - _prepare_financial_charts for ticker: 'COST', variant: 'annual'
2025-05-17 14:17:32,139 - utils.config_loader - INFO - config_loader:20 - Config file 'd:\Investment Codes\Codes\Developement\SimFin_Modular\config/config.ini' loaded successfully.
2025-05-17 14:17:32,140 - modules.data_loader - INFO - data_loader:82 - ensure_simfin_configured: Ensuring SimFin is configured for the current operation.
2025-05-17 14:17:32,141 - modules.data_loader - INFO - data_loader:53 - configure_simfin: Configuring SimFin settings...
2025-05-17 14:17:32,143 - modules.data_loader - INFO - data_loader:31 - Loading SimFin API key. Attempting to use file: d:\Investment Codes\Codes\Developement\SimFin_Modular\config/simfin_api_key.txt
2025-05-17 14:17:32,145 - modules.data_loader - INFO - data_loader:41 - Loaded custom API key from: d:\Investment Codes\Codes\Developement\SimFin_Modular\config/simfin_api_key.txt
2025-05-17 14:17:32,146 - modules.data_loader - INFO - data_loader:59 - SimFin API key set (type: Custom)
2025-05-17 14:17:32,147 - modules.data_loader - INFO - data_loader:65 - SimFin data directory path to be set: d:\Investment Codes\Codes\Developement\SimFin_Modular\data/simfin_data
2025-05-17 14:17:32,152 - modules.data_loader - INFO - data_loader:72 - SimFin data directory set successfully to: d:\Investment Codes\Codes\Developement\SimFin_Modular\data/simfin_data
2025-05-17 14:17:34,207 - modules.routes.graphs - INFO - graphs:70 - Info messages for COST (annual): Data for income (annual) loaded from session.
2025-05-17 14:17:34,209 - modules.data_loader - INFO - data_loader:88 - get_api_key_status_for_display: Checking API key file: d:\Investment Codes\Codes\Developement\SimFin_Modular\config/simfin_api_key.txt
2025-05-17 14:17:34,235 - werkzeug - INFO - _internal:97 - 127.0.0.1 - - [17/May/2025 14:17:34] "GET /graphs/annual HTTP/1.1" 200 -
2025-05-17 14:17:35,436 - modules.routes.graphs - INFO - graphs:94 - Route /graphs/quarterly for ticker: 'COST'. Session keys: ['current_ticker', 'data_download_status', 'income_annual_df_json', 'income_quarterly_df_json']
2025-05-17 14:17:35,436 - modules.routes.graphs - INFO - graphs:17 - _prepare_financial_charts for ticker: 'COST', variant: 'quarterly'
2025-05-17 14:17:35,438 - utils.config_loader - INFO - config_loader:20 - Config file 'd:\Investment Codes\Codes\Developement\SimFin_Modular\config/config.ini' loaded successfully.
2025-05-17 14:17:35,438 - modules.data_loader - INFO - data_loader:82 - ensure_simfin_configured: Ensuring SimFin is configured for the current operation.
2025-05-17 14:17:35,438 - modules.data_loader - INFO - data_loader:53 - configure_simfin: Configuring SimFin settings...
2025-05-17 14:17:35,440 - modules.data_loader - INFO - data_loader:31 - Loading SimFin API key. Attempting to use file: d:\Investment Codes\Codes\Developement\SimFin_Modular\config/simfin_api_key.txt
2025-05-17 14:17:35,441 - modules.data_loader - INFO - data_loader:41 - Loaded custom API key from: d:\Investment Codes\Codes\Developement\SimFin_Modular\config/simfin_api_key.txt
2025-05-17 14:17:35,441 - modules.data_loader - INFO - data_loader:59 - SimFin API key set (type: Custom)
2025-05-17 14:17:35,442 - modules.data_loader - INFO - data_loader:65 - SimFin data directory path to be set: d:\Investment Codes\Codes\Developement\SimFin_Modular\data/simfin_data
2025-05-17 14:17:35,443 - modules.data_loader - INFO - data_loader:72 - SimFin data directory set successfully to: d:\Investment Codes\Codes\Developement\SimFin_Modular\data/simfin_data
2025-05-17 14:17:35,701 - modules.routes.graphs - INFO - graphs:70 - Info messages for COST (quarterly): Data for income (quarterly) loaded from session.
2025-05-17 14:17:35,703 - modules.data_loader - INFO - data_loader:88 - get_api_key_status_for_display: Checking API key file: d:\Investment Codes\Codes\Developement\SimFin_Modular\config/simfin_api_key.txt
2025-05-17 14:17:35,706 - werkzeug - INFO - _internal:97 - 127.0.0.1 - - [17/May/2025 14:17:35] "GET /graphs/quarterly HTTP/1.1" 200 -
2025-05-17 14:17:51,684 - modules.routes.home - INFO - home:61 - set_ticker called for ticker input: 'GOGL'
2025-05-17 14:17:51,685 - modules.routes.home - INFO - home:68 - Ticker 'GOGL' set in session.
2025-05-17 14:17:51,687 - utils.config_loader - INFO - config_loader:20 - Config file 'd:\Investment Codes\Codes\Developement\SimFin_Modular\config/config.ini' loaded successfully.
2025-05-17 14:17:51,688 - modules.data_loader - INFO - data_loader:82 - ensure_simfin_configured: Ensuring SimFin is configured for the current operation.
2025-05-17 14:17:51,689 - modules.data_loader - INFO - data_loader:53 - configure_simfin: Configuring SimFin settings...
2025-05-17 14:17:51,690 - modules.data_loader - INFO - data_loader:31 - Loading SimFin API key. Attempting to use file: d:\Investment Codes\Codes\Developement\SimFin_Modular\config/simfin_api_key.txt
2025-05-17 14:17:51,692 - modules.data_loader - INFO - data_loader:41 - Loaded custom API key from: d:\Investment Codes\Codes\Developement\SimFin_Modular\config/simfin_api_key.txt
2025-05-17 14:17:51,694 - modules.data_loader - INFO - data_loader:59 - SimFin API key set (type: Custom)
2025-05-17 14:17:51,696 - modules.data_loader - INFO - data_loader:65 - SimFin data directory path to be set: d:\Investment Codes\Codes\Developement\SimFin_Modular\data/simfin_data
2025-05-17 14:17:51,717 - modules.data_loader - INFO - data_loader:72 - SimFin data directory set successfully to: d:\Investment Codes\Codes\Developement\SimFin_Modular\data/simfin_data
2025-05-17 14:18:00,677 - modules.routes.home - INFO - home:86 - Cleared previous statement data and download status from session for ticker GOGL.
2025-05-17 14:18:00,679 - modules.routes.home - ERROR - home:107 - Data processing failed for GOGL. Main error: Download Error for income_annual: No Income Statement (annual) data for GOGL (DataFrame empty after filter).
2025-05-17 14:18:00,685 - werkzeug - INFO - _internal:97 - 127.0.0.1 - - [17/May/2025 14:18:00] "[32mPOST /set_ticker HTTP/1.1[0m" 302 -
2025-05-17 14:18:00,692 - modules.routes.home - INFO - home:29 - Home route accessed. Current ticker in session: 'GOGL'
2025-05-17 14:18:01,792 - modules.data_loader - INFO - data_loader:88 - get_api_key_status_for_display: Checking API key file: d:\Investment Codes\Codes\Developement\SimFin_Modular\config/simfin_api_key.txt
2025-05-17 14:18:01,799 - werkzeug - INFO - _internal:97 - 127.0.0.1 - - [17/May/2025 14:18:01] "GET / HTTP/1.1" 200 -
